{"ip":"::1","level":"info","message":"Fetching all products","method":"GET","path":"/api/products/list","timestamp":"2025-04-28T08:34:34.963Z","username":"Unknown"}
{"ip":"::1","level":"info","message":"Fetched 12 Products","method":"GET","path":"/api/products/list","timestamp":"2025-04-28T08:34:35.001Z","username":"Unknown"}
{"ip":"::1","level":"info","message":"Fetching all products","method":"GET","path":"/api/products/list","timestamp":"2025-04-28T08:34:35.005Z","username":"Unknown"}
{"ip":"::1","level":"info","message":"Fetched 12 Products","method":"GET","path":"/api/products/list","timestamp":"2025-04-28T08:34:35.041Z","username":"Unknown"}
{"ip":"::1","level":"info","message":"Fetching all products","method":"GET","path":"/api/products/list","timestamp":"2025-04-28T08:34:35.044Z","username":"Unknown"}
{"ip":"::1","level":"info","message":"Fetched 12 Products","method":"GET","path":"/api/products/list","timestamp":"2025-04-28T08:34:35.079Z","username":"Unknown"}
{"ip":"::1","level":"info","message":"Fetching all products","method":"GET","path":"/api/products/list","timestamp":"2025-04-28T08:34:35.081Z","username":"Unknown"}
{"ip":"::1","level":"info","message":"Fetched 12 Products","method":"GET","path":"/api/products/list","timestamp":"2025-04-28T08:34:35.212Z","username":"Unknown"}
{"ip":"::1","level":"info","message":"Fetching all products","method":"GET","path":"/api/products/list","timestamp":"2025-04-28T08:34:35.216Z","username":"Unknown"}
{"ip":"::1","level":"info","message":"Fetched 12 Products","method":"GET","path":"/api/products/list","timestamp":"2025-04-28T08:34:35.251Z","username":"Unknown"}
{"ip":"::1","level":"info","message":"Fetching all products","method":"GET","path":"/api/products/list","timestamp":"2025-04-28T08:34:35.253Z","username":"Unknown"}
{"ip":"::1","level":"info","message":"Fetched 12 Products","method":"GET","path":"/api/products/list","timestamp":"2025-04-28T08:34:35.290Z","username":"Unknown"}
{"ip":"::1","level":"info","message":"Fetching all products","method":"GET","path":"/api/products/list","timestamp":"2025-04-28T08:34:35.690Z","username":"Unknown"}
{"ip":"::1","level":"info","message":"Fetched 12 Products","method":"GET","path":"/api/products/list","timestamp":"2025-04-28T08:34:35.725Z","username":"Unknown"}
{"ip":"::1","level":"info","message":"Fetching all products","method":"GET","path":"/api/products/list","timestamp":"2025-04-28T08:34:35.727Z","username":"Unknown"}
{"ip":"::1","level":"info","message":"Fetched 12 Products","method":"GET","path":"/api/products/list","timestamp":"2025-04-28T08:34:35.770Z","username":"Unknown"}
{"ip":"::1","level":"info","message":"Fetching all client","method":"GET","path":"/api/client/list","timestamp":"2025-04-28T08:34:36.395Z","username":"Unknown"}
{"ip":"::1","level":"warn","message":"No client found","method":"GET","path":"/api/client/list","timestamp":"2025-04-28T08:34:36.467Z","username":"Unknown"}
{"ip":"::1","level":"info","message":"Fetching all client","method":"GET","path":"/api/client/list","timestamp":"2025-04-28T08:34:36.470Z","username":"Unknown"}
{"ip":"::1","level":"warn","message":"No client found","method":"GET","path":"/api/client/list","timestamp":"2025-04-28T08:34:36.885Z","username":"Unknown"}
{"ip":"::1","level":"info","message":"Fetching all products","method":"GET","path":"/api/products/list","timestamp":"2025-04-28T08:34:36.914Z","username":"Unknown"}
{"ip":"::1","level":"info","message":"Fetched 12 Products","method":"GET","path":"/api/products/list","timestamp":"2025-04-28T08:34:37.774Z","username":"Unknown"}
{"ip":"::1","level":"info","message":"Fetching all products","method":"GET","path":"/api/products/list","timestamp":"2025-04-28T08:34:37.780Z","username":"Unknown"}
{"ip":"::1","level":"info","message":"Fetched 12 Products","method":"GET","path":"/api/products/list","timestamp":"2025-04-28T08:34:39.954Z","username":"Unknown"}
{"ip":"::1","level":"info","message":"Wishlist fetched successfully","method":"GET","path":"/api/wishlist/getwishlist","timestamp":"2025-04-28T08:34:39.990Z","username":"680f206f4d30dbf1a81bb26c"}
{"ip":"::1","level":"info","message":"Wishlist fetched successfully","method":"GET","path":"/api/wishlist/getwishlist","timestamp":"2025-04-28T08:34:40.058Z","username":"680f206f4d30dbf1a81bb26c"}
{"ip":"::1","level":"info","message":"Fetching all products","method":"GET","path":"/api/products/list","timestamp":"2025-04-28T08:37:47.384Z","username":"Unknown"}
{"ip":"::1","level":"info","message":"Fetched 12 Products","method":"GET","path":"/api/products/list","timestamp":"2025-04-28T08:37:47.407Z","username":"Unknown"}
{"ip":"::1","level":"info","message":"Fetching all products","method":"GET","path":"/api/products/list","timestamp":"2025-04-28T08:37:47.409Z","username":"Unknown"}
{"ip":"::1","level":"info","message":"Fetched 12 Products","method":"GET","path":"/api/products/list","timestamp":"2025-04-28T08:37:47.442Z","username":"Unknown"}
{"ip":"::1","level":"info","message":"Fetching all client","method":"GET","path":"/api/client/list","timestamp":"2025-04-28T08:37:49.270Z","username":"Unknown"}
{"ip":"::1","level":"warn","message":"No client found","method":"GET","path":"/api/client/list","timestamp":"2025-04-28T08:37:49.294Z","username":"Unknown"}
{"ip":"::1","level":"info","message":"Fetching all client","method":"GET","path":"/api/client/list","timestamp":"2025-04-28T08:37:49.297Z","username":"Unknown"}
{"ip":"::1","level":"warn","message":"No client found","method":"GET","path":"/api/client/list","timestamp":"2025-04-28T08:37:49.327Z","username":"Unknown"}
{"ip":"::1","level":"info","message":"Fetching all products","method":"GET","path":"/api/products/list","timestamp":"2025-04-28T08:37:49.921Z","username":"Unknown"}
{"ip":"::1","level":"info","message":"Fetched 12 Products","method":"GET","path":"/api/products/list","timestamp":"2025-04-28T08:37:50.015Z","username":"Unknown"}
{"ip":"::1","level":"info","message":"Fetching all products","method":"GET","path":"/api/products/list","timestamp":"2025-04-28T08:37:50.019Z","username":"Unknown"}
{"ip":"::1","level":"info","message":"Fetched 12 Products","method":"GET","path":"/api/products/list","timestamp":"2025-04-28T08:37:50.089Z","username":"Unknown"}
{"ip":"::1","level":"info","message":"Fetching all products","method":"GET","path":"/api/products/list","timestamp":"2025-04-28T08:37:55.187Z","username":"Unknown"}
{"ip":"::1","level":"info","message":"Fetched 12 Products","method":"GET","path":"/api/products/list","timestamp":"2025-04-28T08:37:55.362Z","username":"Unknown"}
{"ip":"::1","level":"info","message":"Fetching all products","method":"GET","path":"/api/products/list","timestamp":"2025-04-28T08:37:55.366Z","username":"Unknown"}
{"ip":"::1","level":"info","message":"Fetched 12 Products","method":"GET","path":"/api/products/list","timestamp":"2025-04-28T08:37:55.393Z","username":"Unknown"}
{"level":"info","message":"Wishlist fetched successfully","method":"GET","path":"/api/wishlist/getwishlist","timestamp":"2025-04-28T08:40:56.922Z","username":"680f206f4d30dbf1a81bb26c"}
{"ip":"::1","level":"info","message":"Wishlist fetched successfully","method":"GET","path":"/api/wishlist/getwishlist","timestamp":"2025-04-28T08:40:57.202Z","username":"680f206f4d30dbf1a81bb26c"}
{"ip":"::1","level":"info","message":"Wishlist fetched successfully","method":"GET","path":"/api/wishlist/getwishlist","timestamp":"2025-04-28T08:40:57.281Z","username":"680f206f4d30dbf1a81bb26c"}
{"ip":"::1","level":"info","message":"Wishlist fetched successfully","method":"GET","path":"/api/wishlist/getwishlist","timestamp":"2025-04-28T08:40:57.369Z","username":"680f206f4d30dbf1a81bb26c"}
{"ip":"::1","level":"info","message":"Cart retrieved successfully","method":"GET","path":"/api/cart/getcart","timestamp":"2025-04-28T08:40:57.380Z","username":"680f206f4d30dbf1a81bb26c"}
{"ip":"::1","level":"info","message":"Wishlist fetched successfully","method":"GET","path":"/api/wishlist/getwishlist","timestamp":"2025-04-28T08:40:57.453Z","username":"680f206f4d30dbf1a81bb26c"}
{"ip":"::1","level":"info","message":"Cart retrieved successfully","method":"GET","path":"/api/cart/getcart","timestamp":"2025-04-28T08:40:57.484Z","username":"680f206f4d30dbf1a81bb26c"}
{"ip":"::1","level":"info","message":"Wishlist fetched successfully","method":"GET","path":"/api/wishlist/getwishlist","timestamp":"2025-04-28T08:41:13.732Z","username":"680f206f4d30dbf1a81bb26c"}
{"ip":"::1","level":"info","message":"Wishlist fetched successfully","method":"GET","path":"/api/wishlist/getwishlist","timestamp":"2025-04-28T08:41:15.729Z","username":"680f206f4d30dbf1a81bb26c"}
{"ip":"::1","level":"info","message":"Wishlist fetched successfully","method":"GET","path":"/api/wishlist/getwishlist","timestamp":"2025-04-28T08:41:21.359Z","username":"680f206f4d30dbf1a81bb26c"}
{"ip":"::1","level":"info","message":"Fetching all products","method":"GET","path":"/api/products/list","timestamp":"2025-04-28T08:41:28.587Z","username":"Unknown"}
{"ip":"::1","level":"info","message":"Fetched 12 Products","method":"GET","path":"/api/products/list","timestamp":"2025-04-28T08:41:28.616Z","username":"Unknown"}
{"ip":"::1","level":"info","message":"Fetching all products","method":"GET","path":"/api/products/list","timestamp":"2025-04-28T08:41:28.618Z","username":"Unknown"}
{"ip":"::1","level":"info","message":"Fetched 12 Products","method":"GET","path":"/api/products/list","timestamp":"2025-04-28T08:41:28.654Z","username":"Unknown"}
{"ip":"::1","level":"info","message":"Wishlist fetched successfully","method":"GET","path":"/api/wishlist/getwishlist","timestamp":"2025-04-28T08:41:37.899Z","username":"680f206f4d30dbf1a81bb26c"}
{"ip":"::1","level":"info","message":"Wishlist fetched successfully","method":"GET","path":"/api/wishlist/getwishlist","timestamp":"2025-04-28T08:41:42.255Z","username":"680f206f4d30dbf1a81bb26c"}
{"ip":"::1","level":"info","message":"Cart retrieved successfully","method":"GET","path":"/api/cart/getcart","timestamp":"2025-04-28T08:41:43.667Z","username":"680f206f4d30dbf1a81bb26c"}
{"ip":"::1","level":"info","message":"Wishlist fetched successfully","method":"GET","path":"/api/wishlist/getwishlist","timestamp":"2025-04-28T08:41:43.672Z","username":"680f206f4d30dbf1a81bb26c"}
{"ip":"::1","level":"info","message":"Cart retrieved successfully","method":"GET","path":"/api/cart/getcart","timestamp":"2025-04-28T08:41:46.294Z","username":"680f206f4d30dbf1a81bb26c"}
{"ip":"::1","level":"info","message":"Wishlist fetched successfully","method":"GET","path":"/api/wishlist/getwishlist","timestamp":"2025-04-28T08:41:46.297Z","username":"680f206f4d30dbf1a81bb26c"}
{"ip":"::1","level":"info","message":"Wishlist fetched successfully","method":"GET","path":"/api/wishlist/getwishlist","timestamp":"2025-04-28T08:41:48.267Z","username":"680f206f4d30dbf1a81bb26c"}
{"ip":"::1","level":"info","message":"Wishlist fetched successfully","method":"GET","path":"/api/wishlist/getwishlist","timestamp":"2025-04-28T08:41:49.543Z","username":"680f206f4d30dbf1a81bb26c"}
{"ip":"::1","level":"info","message":"Wishlist fetched successfully","method":"GET","path":"/api/wishlist/getwishlist","timestamp":"2025-04-28T08:42:04.080Z","username":"680f206f4d30dbf1a81bb26c"}
{"ip":"::1","level":"info","message":"Cart retrieved successfully","method":"GET","path":"/api/cart/getcart","timestamp":"2025-04-28T08:43:30.046Z","username":"680f206f4d30dbf1a81bb26c"}
{"ip":"::1","level":"info","message":"Wishlist fetched successfully","method":"GET","path":"/api/wishlist/getwishlist","timestamp":"2025-04-28T08:43:30.052Z","username":"680f206f4d30dbf1a81bb26c"}
{"ip":"::1","level":"info","message":"Cart retrieved successfully","method":"GET","path":"/api/cart/getcart","timestamp":"2025-04-28T08:43:30.120Z","username":"680f206f4d30dbf1a81bb26c"}
{"ip":"::1","level":"info","message":"Wishlist fetched successfully","method":"GET","path":"/api/wishlist/getwishlist","timestamp":"2025-04-28T08:43:30.125Z","username":"680f206f4d30dbf1a81bb26c"}
{"ip":"::1","level":"info","message":"Wishlist fetched successfully","method":"GET","path":"/api/wishlist/getwishlist","timestamp":"2025-04-28T08:43:30.197Z","username":"680f206f4d30dbf1a81bb26c"}
{"ip":"::1","level":"info","message":"Wishlist fetched successfully","method":"GET","path":"/api/wishlist/getwishlist","timestamp":"2025-04-28T08:43:30.281Z","username":"680f206f4d30dbf1a81bb26c"}
{"ip":"::1","level":"info","message":"Cart retrieved successfully","method":"GET","path":"/api/cart/getcart","timestamp":"2025-04-28T08:43:49.999Z","username":"680f206f4d30dbf1a81bb26c"}
{"ip":"::1","level":"info","message":"Wishlist fetched successfully","method":"GET","path":"/api/wishlist/getwishlist","timestamp":"2025-04-28T08:43:50.006Z","username":"680f206f4d30dbf1a81bb26c"}
{"ip":"::1","level":"info","message":"Cart retrieved successfully","method":"GET","path":"/api/cart/getcart","timestamp":"2025-04-28T08:43:50.078Z","username":"680f206f4d30dbf1a81bb26c"}
{"ip":"::1","level":"info","message":"Wishlist fetched successfully","method":"GET","path":"/api/wishlist/getwishlist","timestamp":"2025-04-28T08:43:50.079Z","username":"680f206f4d30dbf1a81bb26c"}
{"ip":"::1","level":"info","message":"Wishlist fetched successfully","method":"GET","path":"/api/wishlist/getwishlist","timestamp":"2025-04-28T08:43:50.152Z","username":"680f206f4d30dbf1a81bb26c"}
{"ip":"::1","level":"info","message":"Wishlist fetched successfully","method":"GET","path":"/api/wishlist/getwishlist","timestamp":"2025-04-28T08:43:50.227Z","username":"680f206f4d30dbf1a81bb26c"}
{"ip":"::1","level":"info","message":"Cart retrieved successfully","method":"GET","path":"/api/cart/getcart","timestamp":"2025-04-28T08:45:11.312Z","username":"680f206f4d30dbf1a81bb26c"}
{"ip":"::1","level":"info","message":"Wishlist fetched successfully","method":"GET","path":"/api/wishlist/getwishlist","timestamp":"2025-04-28T08:45:11.315Z","username":"680f206f4d30dbf1a81bb26c"}
{"ip":"::1","level":"info","message":"Wishlist fetched successfully","method":"GET","path":"/api/wishlist/getwishlist","timestamp":"2025-04-28T08:45:11.395Z","username":"680f206f4d30dbf1a81bb26c"}
{"ip":"::1","level":"info","message":"Cart retrieved successfully","method":"GET","path":"/api/cart/getcart","timestamp":"2025-04-28T08:45:11.397Z","username":"680f206f4d30dbf1a81bb26c"}
{"ip":"::1","level":"info","message":"Wishlist fetched successfully","method":"GET","path":"/api/wishlist/getwishlist","timestamp":"2025-04-28T08:45:11.470Z","username":"680f206f4d30dbf1a81bb26c"}
{"ip":"::1","level":"info","message":"Wishlist fetched successfully","method":"GET","path":"/api/wishlist/getwishlist","timestamp":"2025-04-28T08:45:11.539Z","username":"680f206f4d30dbf1a81bb26c"}
{"ip":"::1","level":"info","message":"Wishlist fetched successfully","method":"GET","path":"/api/wishlist/getwishlist","timestamp":"2025-04-28T08:45:51.635Z","username":"680f206f4d30dbf1a81bb26c"}
{"ip":"::1","level":"info","message":"Cart retrieved successfully","method":"GET","path":"/api/cart/getcart","timestamp":"2025-04-28T08:45:51.636Z","username":"680f206f4d30dbf1a81bb26c"}
{"ip":"::1","level":"info","message":"Cart retrieved successfully","method":"GET","path":"/api/cart/getcart","timestamp":"2025-04-28T08:45:51.706Z","username":"680f206f4d30dbf1a81bb26c"}
{"ip":"::1","level":"info","message":"Wishlist fetched successfully","method":"GET","path":"/api/wishlist/getwishlist","timestamp":"2025-04-28T08:45:51.708Z","username":"680f206f4d30dbf1a81bb26c"}
{"ip":"::1","level":"info","message":"Wishlist fetched successfully","method":"GET","path":"/api/wishlist/getwishlist","timestamp":"2025-04-28T08:45:51.782Z","username":"680f206f4d30dbf1a81bb26c"}
{"ip":"::1","level":"info","message":"Wishlist fetched successfully","method":"GET","path":"/api/wishlist/getwishlist","timestamp":"2025-04-28T08:45:51.858Z","username":"680f206f4d30dbf1a81bb26c"}
{"ip":"::1","level":"info","message":"Wishlist fetched successfully","method":"GET","path":"/api/wishlist/getwishlist","timestamp":"2025-04-28T08:45:54.796Z","username":"680f206f4d30dbf1a81bb26c"}
{"ip":"::1","level":"info","message":"Cart retrieved successfully","method":"GET","path":"/api/cart/getcart","timestamp":"2025-04-28T08:45:54.804Z","username":"680f206f4d30dbf1a81bb26c"}
{"ip":"::1","level":"info","message":"Wishlist fetched successfully","method":"GET","path":"/api/wishlist/getwishlist","timestamp":"2025-04-28T08:45:54.862Z","username":"680f206f4d30dbf1a81bb26c"}
{"ip":"::1","level":"info","message":"Cart retrieved successfully","method":"GET","path":"/api/cart/getcart","timestamp":"2025-04-28T08:45:54.874Z","username":"680f206f4d30dbf1a81bb26c"}
{"ip":"::1","level":"info","message":"Wishlist fetched successfully","method":"GET","path":"/api/wishlist/getwishlist","timestamp":"2025-04-28T08:45:54.929Z","username":"680f206f4d30dbf1a81bb26c"}
{"ip":"::1","level":"info","message":"Wishlist fetched successfully","method":"GET","path":"/api/wishlist/getwishlist","timestamp":"2025-04-28T08:45:54.999Z","username":"680f206f4d30dbf1a81bb26c"}
{"ip":"::1","level":"info","message":"Wishlist fetched successfully","method":"GET","path":"/api/wishlist/getwishlist","timestamp":"2025-04-28T08:46:10.716Z","username":"680f206f4d30dbf1a81bb26c"}
{"ip":"::1","level":"info","message":"Cart retrieved successfully","method":"GET","path":"/api/cart/getcart","timestamp":"2025-04-28T08:46:10.722Z","username":"680f206f4d30dbf1a81bb26c"}
{"ip":"::1","level":"info","message":"Cart retrieved successfully","method":"GET","path":"/api/cart/getcart","timestamp":"2025-04-28T08:46:10.790Z","username":"680f206f4d30dbf1a81bb26c"}
{"ip":"::1","level":"info","message":"Wishlist fetched successfully","method":"GET","path":"/api/wishlist/getwishlist","timestamp":"2025-04-28T08:46:10.793Z","username":"680f206f4d30dbf1a81bb26c"}
{"ip":"::1","level":"info","message":"Wishlist fetched successfully","method":"GET","path":"/api/wishlist/getwishlist","timestamp":"2025-04-28T08:46:10.866Z","username":"680f206f4d30dbf1a81bb26c"}
{"ip":"::1","level":"info","message":"Wishlist fetched successfully","method":"GET","path":"/api/wishlist/getwishlist","timestamp":"2025-04-28T08:46:10.930Z","username":"680f206f4d30dbf1a81bb26c"}
{"ip":"::1","level":"info","message":"Cart retrieved successfully","method":"GET","path":"/api/cart/getcart","timestamp":"2025-04-28T08:46:32.760Z","username":"680f206f4d30dbf1a81bb26c"}
{"ip":"::1","level":"info","message":"Wishlist fetched successfully","method":"GET","path":"/api/wishlist/getwishlist","timestamp":"2025-04-28T08:46:32.762Z","username":"680f206f4d30dbf1a81bb26c"}
{"ip":"::1","level":"info","message":"Wishlist fetched successfully","method":"GET","path":"/api/wishlist/getwishlist","timestamp":"2025-04-28T08:46:32.851Z","username":"680f206f4d30dbf1a81bb26c"}
{"ip":"::1","level":"info","message":"Cart retrieved successfully","method":"GET","path":"/api/cart/getcart","timestamp":"2025-04-28T08:46:32.862Z","username":"680f206f4d30dbf1a81bb26c"}
{"ip":"::1","level":"info","message":"Wishlist fetched successfully","method":"GET","path":"/api/wishlist/getwishlist","timestamp":"2025-04-28T08:46:32.925Z","username":"680f206f4d30dbf1a81bb26c"}
{"ip":"::1","level":"info","message":"Wishlist fetched successfully","method":"GET","path":"/api/wishlist/getwishlist","timestamp":"2025-04-28T08:46:32.990Z","username":"680f206f4d30dbf1a81bb26c"}
{"ip":"::1","level":"info","message":"Cart retrieved successfully","method":"GET","path":"/api/cart/getcart","timestamp":"2025-04-28T08:47:03.501Z","username":"680f206f4d30dbf1a81bb26c"}
{"ip":"::1","level":"info","message":"Wishlist fetched successfully","method":"GET","path":"/api/wishlist/getwishlist","timestamp":"2025-04-28T08:47:03.508Z","username":"680f206f4d30dbf1a81bb26c"}
{"ip":"::1","level":"info","message":"Cart retrieved successfully","method":"GET","path":"/api/cart/getcart","timestamp":"2025-04-28T08:47:03.574Z","username":"680f206f4d30dbf1a81bb26c"}
{"ip":"::1","level":"info","message":"Wishlist fetched successfully","method":"GET","path":"/api/wishlist/getwishlist","timestamp":"2025-04-28T08:47:03.581Z","username":"680f206f4d30dbf1a81bb26c"}
{"ip":"::1","level":"info","message":"Wishlist fetched successfully","method":"GET","path":"/api/wishlist/getwishlist","timestamp":"2025-04-28T08:47:03.660Z","username":"680f206f4d30dbf1a81bb26c"}
{"ip":"::1","level":"info","message":"Wishlist fetched successfully","method":"GET","path":"/api/wishlist/getwishlist","timestamp":"2025-04-28T08:47:03.726Z","username":"680f206f4d30dbf1a81bb26c"}
{"ip":"::1","level":"info","message":"Wishlist fetched successfully","method":"GET","path":"/api/wishlist/getwishlist","timestamp":"2025-04-28T08:47:06.315Z","username":"680f206f4d30dbf1a81bb26c"}
{"ip":"::1","level":"info","message":"Cart retrieved successfully","method":"GET","path":"/api/cart/getcart","timestamp":"2025-04-28T08:47:06.327Z","username":"680f206f4d30dbf1a81bb26c"}
{"ip":"::1","level":"info","message":"Wishlist fetched successfully","method":"GET","path":"/api/wishlist/getwishlist","timestamp":"2025-04-28T08:47:06.397Z","username":"680f206f4d30dbf1a81bb26c"}
{"ip":"::1","level":"info","message":"Cart retrieved successfully","method":"GET","path":"/api/cart/getcart","timestamp":"2025-04-28T08:47:06.400Z","username":"680f206f4d30dbf1a81bb26c"}
{"ip":"::1","level":"info","message":"Wishlist fetched successfully","method":"GET","path":"/api/wishlist/getwishlist","timestamp":"2025-04-28T08:47:06.479Z","username":"680f206f4d30dbf1a81bb26c"}
{"ip":"::1","level":"info","message":"Wishlist fetched successfully","method":"GET","path":"/api/wishlist/getwishlist","timestamp":"2025-04-28T08:47:06.553Z","username":"680f206f4d30dbf1a81bb26c"}
{"ip":"::1","level":"info","message":"Wishlist fetched successfully","method":"GET","path":"/api/wishlist/getwishlist","timestamp":"2025-04-28T08:47:52.226Z","username":"680f206f4d30dbf1a81bb26c"}
{"ip":"::1","level":"info","message":"Cart retrieved successfully","method":"GET","path":"/api/cart/getcart","timestamp":"2025-04-28T08:47:52.227Z","username":"680f206f4d30dbf1a81bb26c"}
{"ip":"::1","level":"info","message":"Wishlist fetched successfully","method":"GET","path":"/api/wishlist/getwishlist","timestamp":"2025-04-28T08:47:52.299Z","username":"680f206f4d30dbf1a81bb26c"}
{"ip":"::1","level":"info","message":"Cart retrieved successfully","method":"GET","path":"/api/cart/getcart","timestamp":"2025-04-28T08:47:52.302Z","username":"680f206f4d30dbf1a81bb26c"}
{"ip":"::1","level":"info","message":"Wishlist fetched successfully","method":"GET","path":"/api/wishlist/getwishlist","timestamp":"2025-04-28T08:47:52.368Z","username":"680f206f4d30dbf1a81bb26c"}
{"ip":"::1","level":"info","message":"Wishlist fetched successfully","method":"GET","path":"/api/wishlist/getwishlist","timestamp":"2025-04-28T08:47:52.439Z","username":"680f206f4d30dbf1a81bb26c"}
{"ip":"::1","level":"info","message":"Cart retrieved successfully","method":"GET","path":"/api/cart/getcart","timestamp":"2025-04-28T08:48:18.424Z","username":"680f206f4d30dbf1a81bb26c"}
{"ip":"::1","level":"info","message":"Wishlist fetched successfully","method":"GET","path":"/api/wishlist/getwishlist","timestamp":"2025-04-28T08:48:18.431Z","username":"680f206f4d30dbf1a81bb26c"}
{"ip":"::1","level":"info","message":"Cart retrieved successfully","method":"GET","path":"/api/cart/getcart","timestamp":"2025-04-28T08:48:18.487Z","username":"680f206f4d30dbf1a81bb26c"}
{"ip":"::1","level":"info","message":"Wishlist fetched successfully","method":"GET","path":"/api/wishlist/getwishlist","timestamp":"2025-04-28T08:48:18.500Z","username":"680f206f4d30dbf1a81bb26c"}
{"ip":"::1","level":"info","message":"Wishlist fetched successfully","method":"GET","path":"/api/wishlist/getwishlist","timestamp":"2025-04-28T08:48:18.586Z","username":"680f206f4d30dbf1a81bb26c"}
{"ip":"::1","level":"info","message":"Wishlist fetched successfully","method":"GET","path":"/api/wishlist/getwishlist","timestamp":"2025-04-28T08:48:18.664Z","username":"680f206f4d30dbf1a81bb26c"}
{"ip":"::1","level":"info","message":"Wishlist fetched successfully","method":"GET","path":"/api/wishlist/getwishlist","timestamp":"2025-04-28T08:50:24.110Z","username":"680f206f4d30dbf1a81bb26c"}
{"ip":"::1","level":"info","message":"Cart retrieved successfully","method":"GET","path":"/api/cart/getcart","timestamp":"2025-04-28T08:50:24.125Z","username":"680f206f4d30dbf1a81bb26c"}
{"ip":"::1","level":"info","message":"Wishlist fetched successfully","method":"GET","path":"/api/wishlist/getwishlist","timestamp":"2025-04-28T08:50:24.180Z","username":"680f206f4d30dbf1a81bb26c"}
{"ip":"::1","level":"info","message":"Cart retrieved successfully","method":"GET","path":"/api/cart/getcart","timestamp":"2025-04-28T08:50:24.200Z","username":"680f206f4d30dbf1a81bb26c"}
{"ip":"::1","level":"info","message":"Wishlist fetched successfully","method":"GET","path":"/api/wishlist/getwishlist","timestamp":"2025-04-28T08:50:24.260Z","username":"680f206f4d30dbf1a81bb26c"}
{"ip":"::1","level":"info","message":"Wishlist fetched successfully","method":"GET","path":"/api/wishlist/getwishlist","timestamp":"2025-04-28T08:50:24.335Z","username":"680f206f4d30dbf1a81bb26c"}
{"ip":"::1","level":"info","message":"Fetching all products","method":"GET","path":"/api/products/list","timestamp":"2025-04-28T08:50:29.673Z","username":"Unknown"}
{"ip":"::1","level":"info","message":"Fetched 12 Products","method":"GET","path":"/api/products/list","timestamp":"2025-04-28T08:50:29.732Z","username":"Unknown"}
{"ip":"::1","level":"info","message":"Fetching all products","method":"GET","path":"/api/products/list","timestamp":"2025-04-28T08:50:29.736Z","username":"Unknown"}
{"ip":"::1","level":"info","message":"Fetched 12 Products","method":"GET","path":"/api/products/list","timestamp":"2025-04-28T08:50:29.797Z","username":"Unknown"}
{"ip":"::1","level":"info","message":"Fetching all products","method":"GET","path":"/api/products/list","timestamp":"2025-04-28T08:50:29.803Z","username":"Unknown"}
{"ip":"::1","level":"info","message":"Fetched 12 Products","method":"GET","path":"/api/products/list","timestamp":"2025-04-28T08:50:29.962Z","username":"Unknown"}
{"ip":"::1","level":"info","message":"Fetching all products","method":"GET","path":"/api/products/list","timestamp":"2025-04-28T08:50:29.969Z","username":"Unknown"}
{"ip":"::1","level":"info","message":"Fetched 12 Products","method":"GET","path":"/api/products/list","timestamp":"2025-04-28T08:50:30.022Z","username":"Unknown"}
{"ip":"::1","level":"info","message":"Fetching all products","method":"GET","path":"/api/products/list","timestamp":"2025-04-28T08:50:30.025Z","username":"Unknown"}
{"ip":"::1","level":"info","message":"Fetched 12 Products","method":"GET","path":"/api/products/list","timestamp":"2025-04-28T08:50:30.074Z","username":"Unknown"}
{"ip":"::1","level":"info","message":"Fetching all products","method":"GET","path":"/api/products/list","timestamp":"2025-04-28T08:50:30.077Z","username":"Unknown"}
{"ip":"::1","level":"info","message":"Fetched 12 Products","method":"GET","path":"/api/products/list","timestamp":"2025-04-28T08:50:30.104Z","username":"Unknown"}
{"ip":"::1","level":"info","message":"Wishlist fetched successfully","method":"GET","path":"/api/wishlist/getwishlist","timestamp":"2025-04-28T08:50:31.351Z","username":"680f206f4d30dbf1a81bb26c"}
{"ip":"::1","level":"info","message":"Wishlist fetched successfully","method":"GET","path":"/api/wishlist/getwishlist","timestamp":"2025-04-28T08:50:31.429Z","username":"680f206f4d30dbf1a81bb26c"}
{"ip":"::1","level":"info","message":"Product added to cart","method":"POST","path":"/api/cart/addcart","productId":"6808a682e6ce66b0c8f1db5d","quantity":1,"timestamp":"2025-04-28T08:50:36.387Z","username":"680f206f4d30dbf1a81bb26c"}
{"ip":"::1","level":"info","message":"Cart retrieved successfully","method":"GET","path":"/api/cart/getcart","timestamp":"2025-04-28T08:50:36.460Z","username":"680f206f4d30dbf1a81bb26c"}
{"ip":"::1","level":"info","message":"Product added to cart","method":"POST","path":"/api/cart/addcart","productId":"6808a5e9e6ce66b0c8f1cb41","quantity":1,"timestamp":"2025-04-28T08:50:50.464Z","username":"680f206f4d30dbf1a81bb26c"}
{"ip":"::1","level":"info","message":"Cart retrieved successfully","method":"GET","path":"/api/cart/getcart","timestamp":"2025-04-28T08:50:50.541Z","username":"680f206f4d30dbf1a81bb26c"}
{"ip":"::1","level":"info","message":"Wishlist fetched successfully","method":"GET","path":"/api/wishlist/getwishlist","timestamp":"2025-04-28T08:50:57.351Z","username":"680f206f4d30dbf1a81bb26c"}
{"ip":"::1","level":"info","message":"Cart retrieved successfully","method":"GET","path":"/api/cart/getcart","timestamp":"2025-04-28T08:50:57.365Z","username":"680f206f4d30dbf1a81bb26c"}
{"ip":"::1","level":"info","message":"Wishlist fetched successfully","method":"GET","path":"/api/wishlist/getwishlist","timestamp":"2025-04-28T08:50:57.426Z","username":"680f206f4d30dbf1a81bb26c"}
{"ip":"::1","level":"info","message":"Cart retrieved successfully","method":"GET","path":"/api/cart/getcart","timestamp":"2025-04-28T08:50:57.447Z","username":"680f206f4d30dbf1a81bb26c"}
{"ip":"::1","level":"info","message":"Wishlist fetched successfully","method":"GET","path":"/api/wishlist/getwishlist","timestamp":"2025-04-28T08:50:57.504Z","username":"680f206f4d30dbf1a81bb26c"}
{"ip":"::1","level":"info","message":"Wishlist fetched successfully","method":"GET","path":"/api/wishlist/getwishlist","timestamp":"2025-04-28T08:50:57.591Z","username":"680f206f4d30dbf1a81bb26c"}
{"ip":"::1","level":"info","message":"Wishlist fetched successfully","method":"GET","path":"/api/wishlist/getwishlist","timestamp":"2025-04-28T08:53:55.110Z","username":"680f206f4d30dbf1a81bb26c"}
{"ip":"::1","level":"info","message":"Cart retrieved successfully","method":"GET","path":"/api/cart/getcart","timestamp":"2025-04-28T08:53:55.130Z","username":"680f206f4d30dbf1a81bb26c"}
{"ip":"::1","level":"info","message":"Wishlist fetched successfully","method":"GET","path":"/api/wishlist/getwishlist","timestamp":"2025-04-28T08:53:55.180Z","username":"680f206f4d30dbf1a81bb26c"}
{"ip":"::1","level":"info","message":"Cart retrieved successfully","method":"GET","path":"/api/cart/getcart","timestamp":"2025-04-28T08:53:55.209Z","username":"680f206f4d30dbf1a81bb26c"}
{"ip":"::1","level":"info","message":"Wishlist fetched successfully","method":"GET","path":"/api/wishlist/getwishlist","timestamp":"2025-04-28T08:53:55.247Z","username":"680f206f4d30dbf1a81bb26c"}
{"ip":"::1","level":"info","message":"Wishlist fetched successfully","method":"GET","path":"/api/wishlist/getwishlist","timestamp":"2025-04-28T08:53:55.313Z","username":"680f206f4d30dbf1a81bb26c"}
{"ip":"::1","level":"info","message":"Wishlist fetched successfully","method":"GET","path":"/api/wishlist/getwishlist","timestamp":"2025-04-28T08:57:46.150Z","username":"680f206f4d30dbf1a81bb26c"}
{"ip":"::1","level":"info","message":"Cart retrieved successfully","method":"GET","path":"/api/cart/getcart","timestamp":"2025-04-28T08:57:46.162Z","username":"680f206f4d30dbf1a81bb26c"}
{"ip":"::1","level":"info","message":"Wishlist fetched successfully","method":"GET","path":"/api/wishlist/getwishlist","timestamp":"2025-04-28T08:57:46.222Z","username":"680f206f4d30dbf1a81bb26c"}
{"ip":"::1","level":"info","message":"Cart retrieved successfully","method":"GET","path":"/api/cart/getcart","timestamp":"2025-04-28T08:57:46.239Z","username":"680f206f4d30dbf1a81bb26c"}
{"ip":"::1","level":"info","message":"Wishlist fetched successfully","method":"GET","path":"/api/wishlist/getwishlist","timestamp":"2025-04-28T08:57:46.299Z","username":"680f206f4d30dbf1a81bb26c"}
{"ip":"::1","level":"info","message":"Wishlist fetched successfully","method":"GET","path":"/api/wishlist/getwishlist","timestamp":"2025-04-28T08:57:46.378Z","username":"680f206f4d30dbf1a81bb26c"}
{"ip":"::1","level":"info","message":"Wishlist fetched successfully","method":"GET","path":"/api/wishlist/getwishlist","timestamp":"2025-04-28T09:01:19.136Z","username":"680f206f4d30dbf1a81bb26c"}
{"ip":"::1","level":"info","message":"Cart retrieved successfully","method":"GET","path":"/api/cart/getcart","timestamp":"2025-04-28T09:01:19.159Z","username":"680f206f4d30dbf1a81bb26c"}
{"ip":"::1","level":"info","message":"Wishlist fetched successfully","method":"GET","path":"/api/wishlist/getwishlist","timestamp":"2025-04-28T09:01:19.238Z","username":"680f206f4d30dbf1a81bb26c"}
{"ip":"::1","level":"info","message":"Cart retrieved successfully","method":"GET","path":"/api/cart/getcart","timestamp":"2025-04-28T09:01:19.263Z","username":"680f206f4d30dbf1a81bb26c"}
{"ip":"::1","level":"info","message":"Wishlist fetched successfully","method":"GET","path":"/api/wishlist/getwishlist","timestamp":"2025-04-28T09:01:19.323Z","username":"680f206f4d30dbf1a81bb26c"}
{"ip":"::1","level":"info","message":"Wishlist fetched successfully","method":"GET","path":"/api/wishlist/getwishlist","timestamp":"2025-04-28T09:01:19.387Z","username":"680f206f4d30dbf1a81bb26c"}
{"ip":"::1","level":"info","message":"Wishlist fetched successfully","method":"GET","path":"/api/wishlist/getwishlist","timestamp":"2025-04-28T09:02:07.308Z","username":"680f206f4d30dbf1a81bb26c"}
{"ip":"::1","level":"info","message":"Cart retrieved successfully","method":"GET","path":"/api/cart/getcart","timestamp":"2025-04-28T09:02:07.317Z","username":"680f206f4d30dbf1a81bb26c"}
{"ip":"::1","level":"info","message":"Wishlist fetched successfully","method":"GET","path":"/api/wishlist/getwishlist","timestamp":"2025-04-28T09:02:07.384Z","username":"680f206f4d30dbf1a81bb26c"}
{"ip":"::1","level":"info","message":"Cart retrieved successfully","method":"GET","path":"/api/cart/getcart","timestamp":"2025-04-28T09:02:07.395Z","username":"680f206f4d30dbf1a81bb26c"}
{"ip":"::1","level":"info","message":"Wishlist fetched successfully","method":"GET","path":"/api/wishlist/getwishlist","timestamp":"2025-04-28T09:02:07.475Z","username":"680f206f4d30dbf1a81bb26c"}
{"ip":"::1","level":"info","message":"Wishlist fetched successfully","method":"GET","path":"/api/wishlist/getwishlist","timestamp":"2025-04-28T09:02:07.567Z","username":"680f206f4d30dbf1a81bb26c"}
{"ip":"::1","level":"info","message":"Wishlist fetched successfully","method":"GET","path":"/api/wishlist/getwishlist","timestamp":"2025-04-28T09:03:35.244Z","username":"680f206f4d30dbf1a81bb26c"}
{"ip":"::1","level":"info","message":"Cart retrieved successfully","method":"GET","path":"/api/cart/getcart","timestamp":"2025-04-28T09:03:35.247Z","username":"680f206f4d30dbf1a81bb26c"}
{"ip":"::1","level":"info","message":"Cart retrieved successfully","method":"GET","path":"/api/cart/getcart","timestamp":"2025-04-28T09:03:35.316Z","username":"680f206f4d30dbf1a81bb26c"}
{"ip":"::1","level":"info","message":"Wishlist fetched successfully","method":"GET","path":"/api/wishlist/getwishlist","timestamp":"2025-04-28T09:03:35.326Z","username":"680f206f4d30dbf1a81bb26c"}
{"ip":"::1","level":"info","message":"Wishlist fetched successfully","method":"GET","path":"/api/wishlist/getwishlist","timestamp":"2025-04-28T09:03:35.414Z","username":"680f206f4d30dbf1a81bb26c"}
{"ip":"::1","level":"info","message":"Wishlist fetched successfully","method":"GET","path":"/api/wishlist/getwishlist","timestamp":"2025-04-28T09:03:35.496Z","username":"680f206f4d30dbf1a81bb26c"}
{"ip":"::1","level":"info","message":"Fetching all products","method":"GET","path":"/api/products/list","timestamp":"2025-04-28T09:04:53.305Z","username":"Unknown"}
{"ip":"::1","level":"info","message":"Fetched 12 Products","method":"GET","path":"/api/products/list","timestamp":"2025-04-28T09:04:53.365Z","username":"Unknown"}
{"ip":"::1","level":"info","message":"Fetching all products","method":"GET","path":"/api/products/list","timestamp":"2025-04-28T09:04:53.368Z","username":"Unknown"}
{"ip":"::1","level":"info","message":"Fetched 12 Products","method":"GET","path":"/api/products/list","timestamp":"2025-04-28T09:04:53.415Z","username":"Unknown"}
{"ip":"::1","level":"info","message":"Fetching all products","method":"GET","path":"/api/products/list","timestamp":"2025-04-28T09:05:48.197Z","username":"Unknown"}
{"ip":"::1","level":"info","message":"Fetched 12 Products","method":"GET","path":"/api/products/list","timestamp":"2025-04-28T09:05:48.259Z","username":"Unknown"}
{"ip":"::1","level":"info","message":"Fetching all products","method":"GET","path":"/api/products/list","timestamp":"2025-04-28T09:05:48.261Z","username":"Unknown"}
{"ip":"::1","level":"info","message":"Wishlist fetched successfully","method":"GET","path":"/api/wishlist/getwishlist","timestamp":"2025-04-28T09:05:48.285Z","username":"680f206f4d30dbf1a81bb26c"}
{"ip":"::1","level":"info","message":"Cart retrieved successfully","method":"GET","path":"/api/cart/getcart","timestamp":"2025-04-28T09:05:48.293Z","username":"680f206f4d30dbf1a81bb26c"}
{"ip":"::1","level":"info","message":"Fetched 12 Products","method":"GET","path":"/api/products/list","timestamp":"2025-04-28T09:05:48.323Z","username":"Unknown"}
{"ip":"::1","level":"info","message":"Wishlist fetched successfully","method":"GET","path":"/api/wishlist/getwishlist","timestamp":"2025-04-28T09:05:48.390Z","username":"680f206f4d30dbf1a81bb26c"}
{"ip":"::1","level":"info","message":"Cart retrieved successfully","method":"GET","path":"/api/cart/getcart","timestamp":"2025-04-28T09:05:48.394Z","username":"680f206f4d30dbf1a81bb26c"}
{"ip":"::1","level":"info","message":"Wishlist fetched successfully","method":"GET","path":"/api/wishlist/getwishlist","timestamp":"2025-04-28T09:05:56.710Z","username":"680f206f4d30dbf1a81bb26c"}
{"ip":"::1","level":"info","message":"Wishlist fetched successfully","method":"GET","path":"/api/wishlist/getwishlist","timestamp":"2025-04-28T09:05:56.776Z","username":"680f206f4d30dbf1a81bb26c"}
{"ip":"::1","level":"info","message":"Wishlist fetched successfully","method":"GET","path":"/api/wishlist/getwishlist","timestamp":"2025-04-28T09:06:02.121Z","username":"680f206f4d30dbf1a81bb26c"}
{"ip":"::1","level":"info","message":"Cart retrieved successfully","method":"GET","path":"/api/cart/getcart","timestamp":"2025-04-28T09:06:02.130Z","username":"680f206f4d30dbf1a81bb26c"}
{"ip":"::1","level":"info","message":"Wishlist fetched successfully","method":"GET","path":"/api/wishlist/getwishlist","timestamp":"2025-04-28T09:06:02.195Z","username":"680f206f4d30dbf1a81bb26c"}
{"ip":"::1","level":"info","message":"Cart retrieved successfully","method":"GET","path":"/api/cart/getcart","timestamp":"2025-04-28T09:06:02.201Z","username":"680f206f4d30dbf1a81bb26c"}
{"ip":"::1","level":"info","message":"Wishlist fetched successfully","method":"GET","path":"/api/wishlist/getwishlist","timestamp":"2025-04-28T09:06:02.282Z","username":"680f206f4d30dbf1a81bb26c"}
{"ip":"::1","level":"info","message":"Wishlist fetched successfully","method":"GET","path":"/api/wishlist/getwishlist","timestamp":"2025-04-28T09:06:02.357Z","username":"680f206f4d30dbf1a81bb26c"}
{"ip":"::1","level":"info","message":"Wishlist fetched successfully","method":"GET","path":"/api/wishlist/getwishlist","timestamp":"2025-04-28T09:06:15.291Z","username":"680f206f4d30dbf1a81bb26c"}
{"ip":"::1","level":"info","message":"Cart retrieved successfully","method":"GET","path":"/api/cart/getcart","timestamp":"2025-04-28T09:06:15.295Z","username":"680f206f4d30dbf1a81bb26c"}
{"ip":"::1","level":"info","message":"Cart retrieved successfully","method":"GET","path":"/api/cart/getcart","timestamp":"2025-04-28T09:06:15.388Z","username":"680f206f4d30dbf1a81bb26c"}
{"ip":"::1","level":"info","message":"Wishlist fetched successfully","method":"GET","path":"/api/wishlist/getwishlist","timestamp":"2025-04-28T09:06:15.394Z","username":"680f206f4d30dbf1a81bb26c"}
{"ip":"::1","level":"info","message":"Wishlist fetched successfully","method":"GET","path":"/api/wishlist/getwishlist","timestamp":"2025-04-28T09:06:15.480Z","username":"680f206f4d30dbf1a81bb26c"}
{"ip":"::1","level":"info","message":"Wishlist fetched successfully","method":"GET","path":"/api/wishlist/getwishlist","timestamp":"2025-04-28T09:06:15.586Z","username":"680f206f4d30dbf1a81bb26c"}
{"ip":"::1","level":"info","message":"Fetching all products","method":"GET","path":"/api/products/list","timestamp":"2025-04-28T09:06:28.278Z","username":"Unknown"}
{"ip":"::1","level":"info","message":"Fetched 12 Products","method":"GET","path":"/api/products/list","timestamp":"2025-04-28T09:06:28.319Z","username":"Unknown"}
{"ip":"::1","level":"info","message":"Fetching all products","method":"GET","path":"/api/products/list","timestamp":"2025-04-28T09:06:28.321Z","username":"Unknown"}
{"ip":"::1","level":"info","message":"Fetched 12 Products","method":"GET","path":"/api/products/list","timestamp":"2025-04-28T09:06:28.383Z","username":"Unknown"}
{"ip":"::1","level":"info","message":"Fetching all products","method":"GET","path":"/api/products/list","timestamp":"2025-04-28T09:06:34.569Z","username":"Unknown"}
{"ip":"::1","level":"info","message":"Fetched 12 Products","method":"GET","path":"/api/products/list","timestamp":"2025-04-28T09:06:34.629Z","username":"Unknown"}
{"ip":"::1","level":"info","message":"Fetching all products","method":"GET","path":"/api/products/list","timestamp":"2025-04-28T09:06:34.636Z","username":"Unknown"}
{"ip":"::1","level":"info","message":"Wishlist fetched successfully","method":"GET","path":"/api/wishlist/getwishlist","timestamp":"2025-04-28T09:06:34.678Z","username":"680f206f4d30dbf1a81bb26c"}
{"ip":"::1","level":"info","message":"Cart retrieved successfully","method":"GET","path":"/api/cart/getcart","timestamp":"2025-04-28T09:06:34.681Z","username":"680f206f4d30dbf1a81bb26c"}
{"ip":"::1","level":"info","message":"Fetched 12 Products","method":"GET","path":"/api/products/list","timestamp":"2025-04-28T09:06:34.702Z","username":"Unknown"}
{"ip":"::1","level":"info","message":"Wishlist fetched successfully","method":"GET","path":"/api/wishlist/getwishlist","timestamp":"2025-04-28T09:06:34.759Z","username":"680f206f4d30dbf1a81bb26c"}
{"ip":"::1","level":"info","message":"Cart retrieved successfully","method":"GET","path":"/api/cart/getcart","timestamp":"2025-04-28T09:06:34.777Z","username":"680f206f4d30dbf1a81bb26c"}
{"ip":"::1","level":"info","message":"Wishlist fetched successfully","method":"GET","path":"/api/wishlist/getwishlist","timestamp":"2025-04-28T09:06:55.405Z","username":"680f206f4d30dbf1a81bb26c"}
{"ip":"::1","level":"info","message":"Wishlist fetched successfully","method":"GET","path":"/api/wishlist/getwishlist","timestamp":"2025-04-28T09:06:55.469Z","username":"680f206f4d30dbf1a81bb26c"}
{"ip":"::1","level":"info","message":"Fetching all products","method":"GET","path":"/api/products/list","timestamp":"2025-04-28T09:07:07.067Z","username":"Unknown"}
{"ip":"::1","level":"info","message":"Fetched 12 Products","method":"GET","path":"/api/products/list","timestamp":"2025-04-28T09:07:07.109Z","username":"Unknown"}
{"ip":"::1","level":"info","message":"Fetching all products","method":"GET","path":"/api/products/list","timestamp":"2025-04-28T09:07:07.111Z","username":"Unknown"}
{"ip":"::1","level":"info","message":"Fetched 12 Products","method":"GET","path":"/api/products/list","timestamp":"2025-04-28T09:07:07.161Z","username":"Unknown"}
{"ip":"::1","level":"info","message":"Wishlist fetched successfully","method":"GET","path":"/api/wishlist/getwishlist","timestamp":"2025-04-28T09:07:13.805Z","username":"680f206f4d30dbf1a81bb26c"}
{"ip":"::1","level":"info","message":"Wishlist fetched successfully","method":"GET","path":"/api/wishlist/getwishlist","timestamp":"2025-04-28T09:07:13.875Z","username":"680f206f4d30dbf1a81bb26c"}
{"ip":"::1","level":"info","message":"Wishlist fetched successfully","method":"GET","path":"/api/wishlist/getwishlist","timestamp":"2025-04-28T09:07:56.771Z","username":"680f206f4d30dbf1a81bb26c"}
{"ip":"::1","level":"info","message":"Cart retrieved successfully","method":"GET","path":"/api/cart/getcart","timestamp":"2025-04-28T09:07:56.777Z","username":"680f206f4d30dbf1a81bb26c"}
{"ip":"::1","level":"info","message":"Cart retrieved successfully","method":"GET","path":"/api/cart/getcart","timestamp":"2025-04-28T09:07:56.857Z","username":"680f206f4d30dbf1a81bb26c"}
{"ip":"::1","level":"info","message":"Wishlist fetched successfully","method":"GET","path":"/api/wishlist/getwishlist","timestamp":"2025-04-28T09:07:56.862Z","username":"680f206f4d30dbf1a81bb26c"}
{"ip":"::1","level":"info","message":"Wishlist fetched successfully","method":"GET","path":"/api/wishlist/getwishlist","timestamp":"2025-04-28T09:07:56.937Z","username":"680f206f4d30dbf1a81bb26c"}
{"ip":"::1","level":"info","message":"Wishlist fetched successfully","method":"GET","path":"/api/wishlist/getwishlist","timestamp":"2025-04-28T09:07:57.011Z","username":"680f206f4d30dbf1a81bb26c"}
{"ip":"::1","level":"info","message":"Wishlist fetched successfully","method":"GET","path":"/api/wishlist/getwishlist","timestamp":"2025-04-28T09:08:38.306Z","username":"680f206f4d30dbf1a81bb26c"}
{"ip":"::1","level":"info","message":"Cart retrieved successfully","method":"GET","path":"/api/cart/getcart","timestamp":"2025-04-28T09:08:38.309Z","username":"680f206f4d30dbf1a81bb26c"}
{"ip":"::1","level":"info","message":"Wishlist fetched successfully","method":"GET","path":"/api/wishlist/getwishlist","timestamp":"2025-04-28T09:08:38.384Z","username":"680f206f4d30dbf1a81bb26c"}
{"ip":"::1","level":"info","message":"Cart retrieved successfully","method":"GET","path":"/api/cart/getcart","timestamp":"2025-04-28T09:08:38.390Z","username":"680f206f4d30dbf1a81bb26c"}
{"ip":"::1","level":"info","message":"Wishlist fetched successfully","method":"GET","path":"/api/wishlist/getwishlist","timestamp":"2025-04-28T09:08:38.456Z","username":"680f206f4d30dbf1a81bb26c"}
{"ip":"::1","level":"info","message":"Wishlist fetched successfully","method":"GET","path":"/api/wishlist/getwishlist","timestamp":"2025-04-28T09:08:38.551Z","username":"680f206f4d30dbf1a81bb26c"}
{"ip":"::1","level":"info","message":"Cart retrieved successfully","method":"GET","path":"/api/cart/getcart","timestamp":"2025-04-28T09:12:27.514Z","username":"680f206f4d30dbf1a81bb26c"}
{"ip":"::1","level":"info","message":"Wishlist fetched successfully","method":"GET","path":"/api/wishlist/getwishlist","timestamp":"2025-04-28T09:12:27.517Z","username":"680f206f4d30dbf1a81bb26c"}
{"ip":"::1","level":"info","message":"Wishlist fetched successfully","method":"GET","path":"/api/wishlist/getwishlist","timestamp":"2025-04-28T09:12:27.585Z","username":"680f206f4d30dbf1a81bb26c"}
{"ip":"::1","level":"info","message":"Cart retrieved successfully","method":"GET","path":"/api/cart/getcart","timestamp":"2025-04-28T09:12:27.590Z","username":"680f206f4d30dbf1a81bb26c"}
{"ip":"::1","level":"info","message":"Wishlist fetched successfully","method":"GET","path":"/api/wishlist/getwishlist","timestamp":"2025-04-28T09:12:27.658Z","username":"680f206f4d30dbf1a81bb26c"}
{"ip":"::1","level":"info","message":"Wishlist fetched successfully","method":"GET","path":"/api/wishlist/getwishlist","timestamp":"2025-04-28T09:12:27.738Z","username":"680f206f4d30dbf1a81bb26c"}
{"ip":"::1","level":"info","message":"Wishlist fetched successfully","method":"GET","path":"/api/wishlist/getwishlist","timestamp":"2025-04-28T09:14:05.247Z","username":"680f206f4d30dbf1a81bb26c"}
{"ip":"::1","level":"info","message":"Cart retrieved successfully","method":"GET","path":"/api/cart/getcart","timestamp":"2025-04-28T09:14:05.249Z","username":"680f206f4d30dbf1a81bb26c"}
{"ip":"::1","level":"info","message":"Cart retrieved successfully","method":"GET","path":"/api/cart/getcart","timestamp":"2025-04-28T09:14:05.329Z","username":"680f206f4d30dbf1a81bb26c"}
{"ip":"::1","level":"info","message":"Wishlist fetched successfully","method":"GET","path":"/api/wishlist/getwishlist","timestamp":"2025-04-28T09:14:05.335Z","username":"680f206f4d30dbf1a81bb26c"}
{"ip":"::1","level":"info","message":"Wishlist fetched successfully","method":"GET","path":"/api/wishlist/getwishlist","timestamp":"2025-04-28T09:14:05.417Z","username":"680f206f4d30dbf1a81bb26c"}
{"ip":"::1","level":"info","message":"Wishlist fetched successfully","method":"GET","path":"/api/wishlist/getwishlist","timestamp":"2025-04-28T09:14:05.489Z","username":"680f206f4d30dbf1a81bb26c"}
{"ip":"::1","level":"info","message":"Fetching all products","method":"GET","path":"/api/products/list","timestamp":"2025-04-28T09:14:08.562Z","username":"Unknown"}
{"ip":"::1","level":"info","message":"Fetched 12 Products","method":"GET","path":"/api/products/list","timestamp":"2025-04-28T09:14:08.606Z","username":"Unknown"}
{"ip":"::1","level":"info","message":"Fetching all products","method":"GET","path":"/api/products/list","timestamp":"2025-04-28T09:14:08.858Z","username":"Unknown"}
{"ip":"::1","level":"info","message":"Fetched 12 Products","method":"GET","path":"/api/products/list","timestamp":"2025-04-28T09:14:08.900Z","username":"Unknown"}
{"ip":"::1","level":"info","message":"Fetching all products","method":"GET","path":"/api/products/list","timestamp":"2025-04-28T09:14:08.903Z","username":"Unknown"}
{"ip":"::1","level":"info","message":"Fetched 12 Products","method":"GET","path":"/api/products/list","timestamp":"2025-04-28T09:14:08.947Z","username":"Unknown"}
{"ip":"::1","level":"info","message":"Fetching all products","method":"GET","path":"/api/products/list","timestamp":"2025-04-28T09:14:08.950Z","username":"Unknown"}
{"ip":"::1","level":"info","message":"Fetched 12 Products","method":"GET","path":"/api/products/list","timestamp":"2025-04-28T09:14:08.993Z","username":"Unknown"}
{"ip":"::1","level":"info","message":"Fetching all products","method":"GET","path":"/api/products/list","timestamp":"2025-04-28T09:14:08.997Z","username":"Unknown"}
{"ip":"::1","level":"info","message":"Fetched 12 Products","method":"GET","path":"/api/products/list","timestamp":"2025-04-28T09:14:09.023Z","username":"Unknown"}
{"ip":"::1","level":"info","message":"Fetching all products","method":"GET","path":"/api/products/list","timestamp":"2025-04-28T09:14:09.025Z","username":"Unknown"}
{"ip":"::1","level":"info","message":"Fetched 12 Products","method":"GET","path":"/api/products/list","timestamp":"2025-04-28T09:14:09.053Z","username":"Unknown"}
{"ip":"::1","level":"info","message":"Fetching all products","method":"GET","path":"/api/products/list","timestamp":"2025-04-28T09:14:09.061Z","username":"Unknown"}
{"ip":"::1","level":"info","message":"Fetched 12 Products","method":"GET","path":"/api/products/list","timestamp":"2025-04-28T09:14:09.087Z","username":"Unknown"}
{"ip":"::1","level":"info","message":"User logged in successfully","method":"POST","path":"/api/user/login","timestamp":"2025-04-28T09:14:23.698Z","username":"680f206f4d30dbf1a81bb26c"}
{"ip":"::1","level":"info","message":"Fetching all products","method":"GET","path":"/api/products/list","timestamp":"2025-04-28T09:14:23.736Z","username":"Unknown"}
{"ip":"::1","level":"info","message":"Wishlist fetched successfully","method":"GET","path":"/api/wishlist/getwishlist","timestamp":"2025-04-28T09:14:23.801Z","username":"680f206f4d30dbf1a81bb26c"}
{"ip":"::1","level":"info","message":"Cart retrieved successfully","method":"GET","path":"/api/cart/getcart","timestamp":"2025-04-28T09:14:23.804Z","username":"680f206f4d30dbf1a81bb26c"}
{"ip":"::1","level":"info","message":"Fetched 12 Products","method":"GET","path":"/api/products/list","timestamp":"2025-04-28T09:14:23.809Z","username":"Unknown"}
{"ip":"::1","level":"info","message":"Fetching all products","method":"GET","path":"/api/products/list","timestamp":"2025-04-28T09:14:23.814Z","username":"Unknown"}
{"ip":"::1","level":"info","message":"Fetched 12 Products","method":"GET","path":"/api/products/list","timestamp":"2025-04-28T09:14:23.844Z","username":"Unknown"}
{"ip":"::1","level":"info","message":"Fetching all products","method":"GET","path":"/api/products/list","timestamp":"2025-04-28T09:14:23.847Z","username":"Unknown"}
{"ip":"::1","level":"info","message":"Fetched 12 Products","method":"GET","path":"/api/products/list","timestamp":"2025-04-28T09:14:23.871Z","username":"Unknown"}
{"ip":"::1","level":"info","message":"Fetching all products","method":"GET","path":"/api/products/list","timestamp":"2025-04-28T09:14:23.873Z","username":"Unknown"}
{"ip":"::1","level":"info","message":"Fetched 12 Products","method":"GET","path":"/api/products/list","timestamp":"2025-04-28T09:14:23.900Z","username":"Unknown"}
{"ip":"::1","level":"info","message":"Fetching all products","method":"GET","path":"/api/products/list","timestamp":"2025-04-28T09:14:23.902Z","username":"Unknown"}
{"ip":"::1","level":"info","message":"Fetched 12 Products","method":"GET","path":"/api/products/list","timestamp":"2025-04-28T09:14:23.928Z","username":"Unknown"}
{"ip":"::1","level":"info","message":"Fetching all products","method":"GET","path":"/api/products/list","timestamp":"2025-04-28T09:14:23.932Z","username":"Unknown"}
{"ip":"::1","level":"info","message":"Fetched 12 Products","method":"GET","path":"/api/products/list","timestamp":"2025-04-28T09:14:23.960Z","username":"Unknown"}
{"ip":"::1","level":"info","message":"Fetching all products","method":"GET","path":"/api/products/list","timestamp":"2025-04-28T09:14:29.972Z","username":"Unknown"}
{"ip":"::1","level":"info","message":"Fetched 12 Products","method":"GET","path":"/api/products/list","timestamp":"2025-04-28T09:14:29.994Z","username":"Unknown"}
{"ip":"::1","level":"info","message":"Fetching all products","method":"GET","path":"/api/products/list","timestamp":"2025-04-28T09:14:30.018Z","username":"Unknown"}
{"ip":"::1","level":"info","message":"Fetched 12 Products","method":"GET","path":"/api/products/list","timestamp":"2025-04-28T09:14:30.043Z","username":"Unknown"}
{"ip":"::1","level":"info","message":"Fetching all products","method":"GET","path":"/api/products/list","timestamp":"2025-04-28T09:14:30.048Z","username":"Unknown"}
{"ip":"::1","level":"info","message":"Cart retrieved successfully","method":"GET","path":"/api/cart/getcart","timestamp":"2025-04-28T09:14:30.061Z","username":"680f206f4d30dbf1a81bb26c"}
{"ip":"::1","level":"info","message":"Wishlist fetched successfully","method":"GET","path":"/api/wishlist/getwishlist","timestamp":"2025-04-28T09:14:30.065Z","username":"680f206f4d30dbf1a81bb26c"}
{"ip":"::1","level":"info","message":"Fetched 12 Products","method":"GET","path":"/api/products/list","timestamp":"2025-04-28T09:14:30.076Z","username":"Unknown"}
{"ip":"::1","level":"info","message":"Fetching all products","method":"GET","path":"/api/products/list","timestamp":"2025-04-28T09:14:30.086Z","username":"Unknown"}
{"ip":"::1","level":"info","message":"Fetched 12 Products","method":"GET","path":"/api/products/list","timestamp":"2025-04-28T09:14:30.110Z","username":"Unknown"}
{"ip":"::1","level":"info","message":"Fetching all products","method":"GET","path":"/api/products/list","timestamp":"2025-04-28T09:14:30.115Z","username":"Unknown"}
{"ip":"::1","level":"info","message":"Fetched 12 Products","method":"GET","path":"/api/products/list","timestamp":"2025-04-28T09:14:30.142Z","username":"Unknown"}
{"ip":"::1","level":"info","message":"Cart retrieved successfully","method":"GET","path":"/api/cart/getcart","timestamp":"2025-04-28T09:14:30.145Z","username":"680f206f4d30dbf1a81bb26c"}
{"ip":"::1","level":"info","message":"Fetching all products","method":"GET","path":"/api/products/list","timestamp":"2025-04-28T09:14:30.152Z","username":"Unknown"}
{"ip":"::1","level":"info","message":"Wishlist fetched successfully","method":"GET","path":"/api/wishlist/getwishlist","timestamp":"2025-04-28T09:14:30.157Z","username":"680f206f4d30dbf1a81bb26c"}
{"ip":"::1","level":"info","message":"Fetched 12 Products","method":"GET","path":"/api/products/list","timestamp":"2025-04-28T09:14:30.196Z","username":"Unknown"}
{"ip":"::1","level":"info","message":"Fetching all products","method":"GET","path":"/api/products/list","timestamp":"2025-04-28T09:14:30.644Z","username":"Unknown"}
{"ip":"::1","level":"info","message":"Fetched 12 Products","method":"GET","path":"/api/products/list","timestamp":"2025-04-28T09:14:30.693Z","username":"Unknown"}
{"ip":"::1","level":"info","message":"Fetching all products","method":"GET","path":"/api/products/list","timestamp":"2025-04-28T09:14:30.696Z","username":"Unknown"}
{"ip":"::1","level":"info","message":"Fetched 12 Products","method":"GET","path":"/api/products/list","timestamp":"2025-04-28T09:14:30.757Z","username":"Unknown"}
{"ip":"::1","level":"info","message":"Fetching all products","method":"GET","path":"/api/products/list","timestamp":"2025-04-28T09:14:32.016Z","username":"Unknown"}
{"ip":"::1","level":"info","message":"Fetched 12 Products","method":"GET","path":"/api/products/list","timestamp":"2025-04-28T09:14:32.067Z","username":"Unknown"}
{"ip":"::1","level":"info","message":"Fetching all products","method":"GET","path":"/api/products/list","timestamp":"2025-04-28T09:14:32.070Z","username":"Unknown"}
{"ip":"::1","level":"info","message":"Fetched 12 Products","method":"GET","path":"/api/products/list","timestamp":"2025-04-28T09:14:32.098Z","username":"Unknown"}
{"ip":"::1","level":"info","message":"Cart retrieved successfully","method":"GET","path":"/api/cart/getcart","timestamp":"2025-04-28T09:14:32.105Z","username":"680f206f4d30dbf1a81bb26c"}
{"ip":"::1","level":"info","message":"Wishlist fetched successfully","method":"GET","path":"/api/wishlist/getwishlist","timestamp":"2025-04-28T09:14:32.108Z","username":"680f206f4d30dbf1a81bb26c"}
{"ip":"::1","level":"info","message":"Cart retrieved successfully","method":"GET","path":"/api/cart/getcart","timestamp":"2025-04-28T09:14:32.193Z","username":"680f206f4d30dbf1a81bb26c"}
{"ip":"::1","level":"info","message":"Wishlist fetched successfully","method":"GET","path":"/api/wishlist/getwishlist","timestamp":"2025-04-28T09:14:32.217Z","username":"680f206f4d30dbf1a81bb26c"}
{"ip":"::1","level":"info","message":"Wishlist fetched successfully","method":"GET","path":"/api/wishlist/getwishlist","timestamp":"2025-04-28T09:46:28.480Z","username":"680f206f4d30dbf1a81bb26c"}
{"ip":"::1","level":"info","message":"Wishlist fetched successfully","method":"GET","path":"/api/wishlist/getwishlist","timestamp":"2025-04-28T09:46:28.559Z","username":"680f206f4d30dbf1a81bb26c"}
{"ip":"::1","level":"info","message":"Cart retrieved successfully","method":"GET","path":"/api/cart/getcart","timestamp":"2025-04-28T09:47:45.952Z","username":"680f206f4d30dbf1a81bb26c"}
{"ip":"::1","level":"info","message":"Wishlist fetched successfully","method":"GET","path":"/api/wishlist/getwishlist","timestamp":"2025-04-28T09:47:45.954Z","username":"680f206f4d30dbf1a81bb26c"}
{"ip":"::1","level":"info","message":"Wishlist fetched successfully","method":"GET","path":"/api/wishlist/getwishlist","timestamp":"2025-04-28T09:47:46.027Z","username":"680f206f4d30dbf1a81bb26c"}
{"ip":"::1","level":"info","message":"Cart retrieved successfully","method":"GET","path":"/api/cart/getcart","timestamp":"2025-04-28T09:47:46.029Z","username":"680f206f4d30dbf1a81bb26c"}
{"ip":"::1","level":"info","message":"Wishlist fetched successfully","method":"GET","path":"/api/wishlist/getwishlist","timestamp":"2025-04-28T09:47:46.092Z","username":"680f206f4d30dbf1a81bb26c"}
{"ip":"::1","level":"info","message":"Wishlist fetched successfully","method":"GET","path":"/api/wishlist/getwishlist","timestamp":"2025-04-28T09:47:46.156Z","username":"680f206f4d30dbf1a81bb26c"}
{"ip":"::1","level":"info","message":"Wishlist fetched successfully","method":"GET","path":"/api/wishlist/getwishlist","timestamp":"2025-04-28T09:51:18.333Z","username":"680f206f4d30dbf1a81bb26c"}
{"ip":"::1","level":"info","message":"Cart retrieved successfully","method":"GET","path":"/api/cart/getcart","timestamp":"2025-04-28T09:51:18.337Z","username":"680f206f4d30dbf1a81bb26c"}
{"ip":"::1","level":"info","message":"Cart retrieved successfully","method":"GET","path":"/api/cart/getcart","timestamp":"2025-04-28T09:51:18.406Z","username":"680f206f4d30dbf1a81bb26c"}
{"ip":"::1","level":"info","message":"Wishlist fetched successfully","method":"GET","path":"/api/wishlist/getwishlist","timestamp":"2025-04-28T09:51:18.410Z","username":"680f206f4d30dbf1a81bb26c"}
{"ip":"::1","level":"info","message":"Wishlist fetched successfully","method":"GET","path":"/api/wishlist/getwishlist","timestamp":"2025-04-28T09:51:18.489Z","username":"680f206f4d30dbf1a81bb26c"}
{"ip":"::1","level":"info","message":"Wishlist fetched successfully","method":"GET","path":"/api/wishlist/getwishlist","timestamp":"2025-04-28T09:51:18.558Z","username":"680f206f4d30dbf1a81bb26c"}
{"ip":"::1","level":"info","message":"Wishlist fetched successfully","method":"GET","path":"/api/wishlist/getwishlist","timestamp":"2025-04-28T09:52:22.488Z","username":"680f206f4d30dbf1a81bb26c"}
{"ip":"::1","level":"info","message":"Cart retrieved successfully","method":"GET","path":"/api/cart/getcart","timestamp":"2025-04-28T09:52:22.504Z","username":"680f206f4d30dbf1a81bb26c"}
{"ip":"::1","level":"info","message":"Wishlist fetched successfully","method":"GET","path":"/api/wishlist/getwishlist","timestamp":"2025-04-28T09:52:22.561Z","username":"680f206f4d30dbf1a81bb26c"}
{"ip":"::1","level":"info","message":"Cart retrieved successfully","method":"GET","path":"/api/cart/getcart","timestamp":"2025-04-28T09:52:22.577Z","username":"680f206f4d30dbf1a81bb26c"}
{"ip":"::1","level":"info","message":"Wishlist fetched successfully","method":"GET","path":"/api/wishlist/getwishlist","timestamp":"2025-04-28T09:52:22.632Z","username":"680f206f4d30dbf1a81bb26c"}
{"ip":"::1","level":"info","message":"Wishlist fetched successfully","method":"GET","path":"/api/wishlist/getwishlist","timestamp":"2025-04-28T09:52:22.704Z","username":"680f206f4d30dbf1a81bb26c"}
{"ip":"::1","level":"info","message":"Wishlist fetched successfully","method":"GET","path":"/api/wishlist/getwishlist","timestamp":"2025-04-28T10:04:44.790Z","username":"680f206f4d30dbf1a81bb26c"}
{"ip":"::1","level":"info","message":"Cart retrieved successfully","method":"GET","path":"/api/cart/getcart","timestamp":"2025-04-28T10:04:44.809Z","username":"680f206f4d30dbf1a81bb26c"}
{"ip":"::1","level":"info","message":"Wishlist fetched successfully","method":"GET","path":"/api/wishlist/getwishlist","timestamp":"2025-04-28T10:04:44.861Z","username":"680f206f4d30dbf1a81bb26c"}
{"ip":"::1","level":"info","message":"Cart retrieved successfully","method":"GET","path":"/api/cart/getcart","timestamp":"2025-04-28T10:04:44.887Z","username":"680f206f4d30dbf1a81bb26c"}
{"ip":"::1","level":"info","message":"Wishlist fetched successfully","method":"GET","path":"/api/wishlist/getwishlist","timestamp":"2025-04-28T10:04:44.934Z","username":"680f206f4d30dbf1a81bb26c"}
{"ip":"::1","level":"info","message":"Wishlist fetched successfully","method":"GET","path":"/api/wishlist/getwishlist","timestamp":"2025-04-28T10:04:45.010Z","username":"680f206f4d30dbf1a81bb26c"}
{"ip":"::1","level":"info","message":"Wishlist fetched successfully","method":"GET","path":"/api/wishlist/getwishlist","timestamp":"2025-04-28T10:05:39.172Z","username":"680f206f4d30dbf1a81bb26c"}
{"ip":"::1","level":"info","message":"Cart retrieved successfully","method":"GET","path":"/api/cart/getcart","timestamp":"2025-04-28T10:05:39.181Z","username":"680f206f4d30dbf1a81bb26c"}
{"ip":"::1","level":"info","message":"Wishlist fetched successfully","method":"GET","path":"/api/wishlist/getwishlist","timestamp":"2025-04-28T10:05:39.239Z","username":"680f206f4d30dbf1a81bb26c"}
{"ip":"::1","level":"info","message":"Cart retrieved successfully","method":"GET","path":"/api/cart/getcart","timestamp":"2025-04-28T10:05:39.259Z","username":"680f206f4d30dbf1a81bb26c"}
{"ip":"::1","level":"info","message":"Wishlist fetched successfully","method":"GET","path":"/api/wishlist/getwishlist","timestamp":"2025-04-28T10:05:39.311Z","username":"680f206f4d30dbf1a81bb26c"}
{"ip":"::1","level":"info","message":"Wishlist fetched successfully","method":"GET","path":"/api/wishlist/getwishlist","timestamp":"2025-04-28T10:05:39.379Z","username":"680f206f4d30dbf1a81bb26c"}
{"ip":"::1","level":"info","message":"User logged in successfully","method":"POST","path":"/api/user/login","timestamp":"2025-04-28T10:06:51.290Z","username":"680f206f4d30dbf1a81bb26c"}
{"ip":"::1","level":"info","message":"Wishlist fetched successfully","method":"GET","path":"/api/wishlist/getwishlist","timestamp":"2025-04-28T10:06:51.394Z","username":"680f206f4d30dbf1a81bb26c"}
{"ip":"::1","level":"info","message":"Cart retrieved successfully","method":"GET","path":"/api/cart/getcart","timestamp":"2025-04-28T10:06:51.400Z","username":"680f206f4d30dbf1a81bb26c"}
{"ip":"::1","level":"info","message":"Fetching all products","method":"GET","path":"/api/products/list","timestamp":"2025-04-28T10:06:51.406Z","username":"Unknown"}
{"ip":"::1","level":"info","message":"Fetched 12 Products","method":"GET","path":"/api/products/list","timestamp":"2025-04-28T10:06:51.431Z","username":"Unknown"}
{"ip":"::1","level":"info","message":"Fetching all products","method":"GET","path":"/api/products/list","timestamp":"2025-04-28T10:06:51.434Z","username":"Unknown"}
{"ip":"::1","level":"info","message":"Fetched 12 Products","method":"GET","path":"/api/products/list","timestamp":"2025-04-28T10:06:51.470Z","username":"Unknown"}
{"ip":"::1","level":"info","message":"Fetching all products","method":"GET","path":"/api/products/list","timestamp":"2025-04-28T10:06:51.475Z","username":"Unknown"}
{"ip":"::1","level":"info","message":"Fetched 12 Products","method":"GET","path":"/api/products/list","timestamp":"2025-04-28T10:06:51.537Z","username":"Unknown"}
{"ip":"::1","level":"info","message":"Fetching all products","method":"GET","path":"/api/products/list","timestamp":"2025-04-28T10:06:51.544Z","username":"Unknown"}
{"ip":"::1","level":"info","message":"Fetched 12 Products","method":"GET","path":"/api/products/list","timestamp":"2025-04-28T10:06:51.609Z","username":"Unknown"}
{"ip":"::1","level":"info","message":"Fetching all products","method":"GET","path":"/api/products/list","timestamp":"2025-04-28T10:06:51.612Z","username":"Unknown"}
{"ip":"::1","level":"info","message":"Fetched 12 Products","method":"GET","path":"/api/products/list","timestamp":"2025-04-28T10:06:51.657Z","username":"Unknown"}
{"ip":"::1","level":"info","message":"Fetching all products","method":"GET","path":"/api/products/list","timestamp":"2025-04-28T10:06:51.661Z","username":"Unknown"}
{"ip":"::1","level":"info","message":"Fetched 12 Products","method":"GET","path":"/api/products/list","timestamp":"2025-04-28T10:06:51.701Z","username":"Unknown"}
{"ip":"::1","level":"info","message":"Wishlist fetched successfully","method":"GET","path":"/api/wishlist/getwishlist","timestamp":"2025-04-28T10:06:58.890Z","username":"680f206f4d30dbf1a81bb26c"}
{"ip":"::1","level":"info","message":"Wishlist fetched successfully","method":"GET","path":"/api/wishlist/getwishlist","timestamp":"2025-04-28T10:06:58.958Z","username":"680f206f4d30dbf1a81bb26c"}
{"ip":"::1","level":"info","message":"Wishlist fetched successfully","method":"GET","path":"/api/wishlist/getwishlist","timestamp":"2025-04-28T10:10:47.686Z","username":"680f206f4d30dbf1a81bb26c"}
{"ip":"::1","level":"info","message":"Wishlist fetched successfully","method":"GET","path":"/api/wishlist/getwishlist","timestamp":"2025-04-28T10:10:48.014Z","username":"680f206f4d30dbf1a81bb26c"}
{"ip":"::1","level":"info","message":"Wishlist fetched successfully","method":"GET","path":"/api/wishlist/getwishlist","timestamp":"2025-04-28T10:11:53.015Z","username":"680f206f4d30dbf1a81bb26c"}
{"ip":"::1","level":"info","message":"Wishlist fetched successfully","method":"GET","path":"/api/wishlist/getwishlist","timestamp":"2025-04-28T10:11:54.011Z","username":"680f206f4d30dbf1a81bb26c"}
{"ip":"::1","level":"info","message":"Wishlist fetched successfully","method":"GET","path":"/api/wishlist/getwishlist","timestamp":"2025-04-28T10:12:40.061Z","username":"680f206f4d30dbf1a81bb26c"}
{"ip":"::1","level":"info","message":"Wishlist fetched successfully","method":"GET","path":"/api/wishlist/getwishlist","timestamp":"2025-04-28T10:12:40.075Z","username":"680f206f4d30dbf1a81bb26c"}
{"ip":"::1","level":"info","message":"Wishlist fetched successfully","method":"GET","path":"/api/wishlist/getwishlist","timestamp":"2025-04-28T10:12:44.234Z","username":"680f206f4d30dbf1a81bb26c"}
{"ip":"::1","level":"info","message":"Cart retrieved successfully","method":"GET","path":"/api/cart/getcart","timestamp":"2025-04-28T10:12:44.247Z","username":"680f206f4d30dbf1a81bb26c"}
{"ip":"::1","level":"info","message":"Wishlist fetched successfully","method":"GET","path":"/api/wishlist/getwishlist","timestamp":"2025-04-28T10:12:44.353Z","username":"680f206f4d30dbf1a81bb26c"}
{"ip":"::1","level":"info","message":"Cart retrieved successfully","method":"GET","path":"/api/cart/getcart","timestamp":"2025-04-28T10:12:44.366Z","username":"680f206f4d30dbf1a81bb26c"}
{"ip":"::1","level":"info","message":"Wishlist fetched successfully","method":"GET","path":"/api/wishlist/getwishlist","timestamp":"2025-04-28T10:12:44.420Z","username":"680f206f4d30dbf1a81bb26c"}
{"ip":"::1","level":"info","message":"Wishlist fetched successfully","method":"GET","path":"/api/wishlist/getwishlist","timestamp":"2025-04-28T10:12:44.541Z","username":"680f206f4d30dbf1a81bb26c"}
